<?xml version="1.0" encoding="UTF-8"?>
<Site BuildName="(empty)"
	BuildStamp="20251219-0409-Experimental"
	Name="abc-G3-3500"
	Generator="ctest-3.31.3"
	CompilerName="/usr/bin/g++"
	CompilerVersion="11.4.0"
	OSName="Linux"
	Hostname="abc-G3-3500"
	OSRelease="6.8.0-88-generic"
	OSVersion="#89~22.04.2-Ubuntu SMP PREEMPT_DYNAMIC Wed Oct 29 10:45:25 UTC 2"
	OSPlatform="x86_64"
	Is64Bits="1"
	VendorString="GenuineIntel"
	VendorID="Intel Corporation"
	FamilyID="6"
	ModelID="165"
	ModelName="Intel(R) Core(TM) i7-10750H CPU @ 2.60GHz"
	ProcessorCacheSize="12288"
	NumberOfLogicalCPU="12"
	NumberOfPhysicalCPU="6"
	TotalVirtualMemory="0"
	TotalPhysicalMemory="15752"
	LogicalProcessorsPerPhysical="2"
	ProcessorClockFrequency="3204.44"
	>
	<Testing>
		<StartDateTime>Dec 19 14:20 CST</StartDateTime>
		<StartTestTime>1766125207</StartTestTime>
		<TestList/>
		<EndDateTime>Dec 19 14:20 CST</EndDateTime>
		<EndTestTime>1766125207</EndTestTime>
		<ElapsedMinutes>0</ElapsedMinutes>
	</Testing>
</Site>
