/usr/bin/ld: /usr/lib/gcc/x86_64-linux-gnu/11/../../../x86_64-linux-gnu/Scrt1.o: in function `_start':
(.text+0x1b): undefined reference to `main'
collect2: error: ld returned 1 exit status
gmake[2]: *** [src/test/CMakeFiles/newton_test.dir/build.make:156: src/test/newton_test] Error 1
gmake[1]: *** [CMakeFiles/Makefile2:722: src/test/CMakeFiles/newton_test.dir/all] Error 2
gmake[1]: *** Waiting for unfinished jobs....
gmake: *** [Makefile:146: all] Error 2
