[  5%] Built target config_reader
[ 11%] Built target global_planner
[ 20%] Built target pnc_map_creator
[ 28%] Built target mathlibs
[ 34%] Built target global_path_server
[ 40%] Built target pnc_map_server
[ 48%] Built target vehicle_info
[ 57%] Built target reference_line
[ 68%] Built target car_move_cmd
[ 68%] Built target decision_center
[ 74%] Built target obs_move_cmd
[ 91%] Built target local_planner
[ 94%] [32mBuilding CXX object src/planning_process/CMakeFiles/planning_process.dir/planning_process.cpp.o[0m
In file included from [01m[K/opt/ros/humble/include/rclcpp/rclcpp/context.hpp:35[m[K,
                 from [01m[K/opt/ros/humble/include/rclcpp/rclcpp/executor.hpp:34[m[K,
                 from [01m[K/opt/ros/humble/include/rclcpp/rclcpp/executors/multi_threaded_executor.hpp:25[m[K,
                 from [01m[K/opt/ros/humble/include/rclcpp/rclcpp/executors.hpp:21[m[K,
                 from [01m[K/opt/ros/humble/include/rclcpp/rclcpp/rclcpp.hpp:155[m[K,
                 from [01m[K/home/abc/planning_with_ros2/src/planning/src/planning_process/planning_process.h:4[m[K,
                 from [01m[K/home/abc/planning_with_ros2/src/planning/src/planning_process/planning_process.cpp:1[m[K:
[01m[K/opt/ros/humble/include/rclcpp/rclcpp/parameter_client.hpp:52:3:[m[K [01;31m[Kinternal compiler error: [m[KSegmentation fault
   52 |   [01;31m[KRCLCPP_SMART_PTR_DEFINITIONS[m[K(AsyncParametersClient)
      |   [01;31m[K^~~~~~~~~~~~~~~~~~~~~~~~~~~~[m[K
0x76de94e4251f ???
	./signal/../sysdeps/unix/sysv/linux/x86_64/libc_sigaction.c:0
0x76de94e29d8f __libc_start_call_main
	../sysdeps/nptl/libc_start_call_main.h:58
0x76de94e29e3f __libc_start_main_impl
	../csu/libc-start.c:392
Please submit a full bug report,
with preprocessed source if appropriate.
Please include the complete backtrace with any bug report.
See <file:///usr/share/doc/gcc-11/README.Bugs> for instructions.
gmake[2]: *** [src/planning_process/CMakeFiles/planning_process.dir/build.make:93: src/planning_process/CMakeFiles/planning_process.dir/planning_process.cpp.o] Error 1
gmake[1]: *** [CMakeFiles/Makefile2:702: src/planning_process/CMakeFiles/planning_process.dir/all] Error 2
gmake: *** [Makefile:146: all] Error 2
