[0.301s] Invoking command in '/home/abc/planning_with_ros2/build/planning': CMAKE_PREFIX_PATH=/home/abc/planning_with_ros2/install/base_msgs:/home/abc/planning_with_ros2/install/planning:/home/abc/planning_with_ros2/install/data_plot:/opt/ros/humble LD_LIBRARY_PATH=/home/abc/planning_with_ros2/install/base_msgs/lib:/home/abc/planning_with_ros2/install/planning/lib:/home/abc/planning_with_ros2/install/planning/lib:/home/abc/planning_with_ros2/install/planning/lib:/usr/lib/x86_64-linux-gnu/gazebo-11/plugins:/opt/ros/humble/opt/rviz_ogre_vendor/lib:/opt/ros/humble/lib/x86_64-linux-gnu:/opt/ros/humble/lib /usr/local/bin/cmake --build /home/abc/planning_with_ros2/build/planning -- -j12 -l12
[0.325s] [  5%] Built target config_reader
[0.326s] [ 11%] Built target global_planner
[0.328s] [ 20%] Built target mathlibs
[0.330s] [ 28%] Built target pnc_map_creator
[0.340s] [ 34%] Built target global_path_server
[0.342s] [ 42%] Built target vehicle_info
[0.344s] [ 48%] Built target pnc_map_server
[0.345s] [ 57%] Built target reference_line
[0.355s] [ 62%] Built target decision_center
[0.355s] [ 68%] Built target car_move_cmd
[0.355s] [ 74%] Built target obs_move_cmd
[0.374s] [ 91%] Built target local_planner
[0.391s] [ 94%] [32mBuilding CXX object src/planning_process/CMakeFiles/planning_process.dir/planning_process.cpp.o[0m
[4.165s] [01m[K/home/abc/planning_with_ros2/src/planning/src/planning_process/planning_process.cpp:[m[K In member function â€˜[01m[Kbool Planning::PlanningProcess::connet_server(const T&)[m[Kâ€™:
[4.165s] [01m[K/home/abc/planning_with_ros2/src/planning/src/planning_process/planning_process.cpp:80:17:[m[K [01;31m[Kerror: [m[Kreturn-statement with no value, in function returning â€˜[01m[Kbool[m[Kâ€™ [[01;31m[K]8;;https://gcc.gnu.org/onlinedocs/gcc/Warning-Options.html#index-fpermissive-fpermissive]8;;[m[K]
[4.165s]    80 |                 [01;31m[Kreturn[m[K;
[4.165s]       |                 [01;31m[K^~~~~~[m[K
[4.352s] /home/abc/planning_with_ros2/src/planning/src/planning_process/planning_process.cpp: In instantiation of â€˜[01m[Kbool Planning::PlanningProcess::connet_server(const T&) [with T = std::shared_ptr<rclcpp::Client<base_msgs::srv::PNCMapService> >][m[Kâ€™:
[4.352s] [01m[K/home/abc/planning_with_ros2/src/planning/src/planning_process/planning_process.cpp:31:27:[m[K   required from here
[4.352s] [01m[K/home/abc/planning_with_ros2/src/planning/src/planning_process/planning_process.cpp:77:26:[m[K [01;35m[Kwarning: [m[Kthe address of â€˜[01m[Kbool rclcpp::ok(rclcpp::Context::SharedPtr)[m[Kâ€™ will never be NULL [[01;35m[K]8;;https://gcc.gnu.org/onlinedocs/gcc/Warning-Options.html#index-Waddress-Waddress]8;;[m[K]
[4.352s]    77 |             if (![01;35m[Krclcpp::ok[m[K)
[4.353s]       |                  [01;35m[K~~~~~~~~^~[m[K
[4.353s] [01m[K/home/abc/planning_with_ros2/src/planning/src/planning_process/planning_process.cpp:80:17:[m[K [01;31m[Kerror: [m[Kreturn-statement with no value, in function returning â€˜[01m[Kbool[m[Kâ€™ [[01;31m[K]8;;https://gcc.gnu.org/onlinedocs/gcc/Warning-Options.html#index-fpermissive-fpermissive]8;;[m[K]
[4.353s]    80 |                 [01;31m[Kreturn[m[K;
[4.353s]       |                 [01;31m[K^~~~~~[m[K
[4.353s] /home/abc/planning_with_ros2/src/planning/src/planning_process/planning_process.cpp: In instantiation of â€˜[01m[Kbool Planning::PlanningProcess::connet_server(const T&) [with T = std::shared_ptr<rclcpp::Client<base_msgs::srv::GlobalPathService> >][m[Kâ€™:
[4.353s] [01m[K/home/abc/planning_with_ros2/src/planning/src/planning_process/planning_process.cpp:43:27:[m[K   required from here
[4.353s] [01m[K/home/abc/planning_with_ros2/src/planning/src/planning_process/planning_process.cpp:77:26:[m[K [01;35m[Kwarning: [m[Kthe address of â€˜[01m[Kbool rclcpp::ok(rclcpp::Context::SharedPtr)[m[Kâ€™ will never be NULL [[01;35m[K]8;;https://gcc.gnu.org/onlinedocs/gcc/Warning-Options.html#index-Waddress-Waddress]8;;[m[K]
[4.353s]    77 |             if (![01;35m[Krclcpp::ok[m[K)
[4.353s]       |                  [01;35m[K~~~~~~~~^~[m[K
[4.354s] [01m[K/home/abc/planning_with_ros2/src/planning/src/planning_process/planning_process.cpp:80:17:[m[K [01;31m[Kerror: [m[Kreturn-statement with no value, in function returning â€˜[01m[Kbool[m[Kâ€™ [[01;31m[K]8;;https://gcc.gnu.org/onlinedocs/gcc/Warning-Options.html#index-fpermissive-fpermissive]8;;[m[K]
[4.354s]    80 |                 [01;31m[Kreturn[m[K;
[4.354s]       |                 [01;31m[K^~~~~~[m[K
[5.055s] gmake[2]: *** [src/planning_process/CMakeFiles/planning_process.dir/build.make:93: src/planning_process/CMakeFiles/planning_process.dir/planning_process.cpp.o] Error 1
[5.055s] gmake[1]: *** [CMakeFiles/Makefile2:702: src/planning_process/CMakeFiles/planning_process.dir/all] Error 2
[5.055s] gmake: *** [Makefile:146: all] Error 2
[5.057s] Invoked command in '/home/abc/planning_with_ros2/build/planning' returned '2': CMAKE_PREFIX_PATH=/home/abc/planning_with_ros2/install/base_msgs:/home/abc/planning_with_ros2/install/planning:/home/abc/planning_with_ros2/install/data_plot:/opt/ros/humble LD_LIBRARY_PATH=/home/abc/planning_with_ros2/install/base_msgs/lib:/home/abc/planning_with_ros2/install/planning/lib:/home/abc/planning_with_ros2/install/planning/lib:/home/abc/planning_with_ros2/install/planning/lib:/usr/lib/x86_64-linux-gnu/gazebo-11/plugins:/opt/ros/humble/opt/rviz_ogre_vendor/lib:/opt/ros/humble/lib/x86_64-linux-gnu:/opt/ros/humble/lib /usr/local/bin/cmake --build /home/abc/planning_with_ros2/build/planning -- -j12 -l12
