<?xml version="1.0" encoding="UTF-8"?>
<Site BuildName="(empty)"
	BuildStamp="20250914-0746-Experimental"
	Name="abc-G3-3500"
	Generator="ctest-3.31.3"
	CompilerName="/usr/bin/g++"
	CompilerVersion="11.4.0"
	OSName="Linux"
	Hostname="abc-G3-3500"
	OSRelease="6.8.0-79-generic"
	OSVersion="#79~22.04.1-Ubuntu SMP PREEMPT_DYNAMIC Fri Aug 15 16:54:53 UTC 2"
	OSPlatform="x86_64"
	Is64Bits="1"
	VendorString="GenuineIntel"
	VendorID="Intel Corporation"
	FamilyID="6"
	ModelID="165"
	ModelName="Intel(R) Core(TM) i7-10750H CPU @ 2.60GHz"
	ProcessorCacheSize="12288"
	NumberOfLogicalCPU="12"
	NumberOfPhysicalCPU="6"
	TotalVirtualMemory="0"
	TotalPhysicalMemory="15752"
	LogicalProcessorsPerPhysical="2"
	ProcessorClockFrequency="3100.01"
	>
	<Testing>
		<StartDateTime>Sep 14 15:46 CST</StartDateTime>
		<StartTestTime>1757836019</StartTestTime>
		<TestList/>
		<EndDateTime>Sep 14 15:46 CST</EndDateTime>
		<EndTestTime>1757836019</EndTestTime>
		<ElapsedMinutes>0</ElapsedMinutes>
	</Testing>
</Site>
