[01m[K/home/abc/planning_with_ros2/src/planning/src/global_planner/global_planner_normal/global_planner_normal.cpp:[m[K In member function â€˜[01m[Kvirtual nav_msgs::msg::Path Planning::GlobalPlannerNormal::search_global_path(const PNCMap&)[m[Kâ€™:
[01m[K/home/abc/planning_with_ros2/src/planning/src/global_planner/global_planner_normal/global_planner_normal.cpp:10:64:[m[K [01;35m[Kwarning: [m[Kunused parameter â€˜[01m[Kpnc_map[m[Kâ€™ [[01;35m[K]8;;https://gcc.gnu.org/onlinedocs/gcc/Warning-Options.html#index-Wunused-parameter-Wunused-parameter]8;;[m[K]
   10 |     Path GlobalPlannerNormal::search_global_path([01;35m[Kconst PNCMap &pnc_map[m[K)
      |                                                  [01;35m[K~~~~~~~~~~~~~~^~~~~~~[m[K
[01m[K/home/abc/planning_with_ros2/src/planning/src/global_planner/global_path_server.cpp:[m[K In member function â€˜[01m[Kvisualization_msgs::msg::Marker Planning::GlobalPathServer::path2marker(const Path&)[m[Kâ€™:
[01m[K/home/abc/planning_with_ros2/src/planning/src/global_planner/global_path_server.cpp:22:54:[m[K [01;35m[Kwarning: [m[Kunused parameter â€˜[01m[Kpath[m[Kâ€™ [[01;35m[K]8;;https://gcc.gnu.org/onlinedocs/gcc/Warning-Options.html#index-Wunused-parameter-Wunused-parameter]8;;[m[K]
   22 |     Marker GlobalPathServer::path2marker([01;35m[Kconst Path &path[m[K)
      |                                          [01;35m[K~~~~~~~~~~~~^~~~[m[K
In file included from [01m[K/opt/ros/humble/include/rclcpp/rclcpp/context.hpp:35[m[K,
                 from [01m[K/opt/ros/humble/include/rclcpp/rclcpp/executor.hpp:34[m[K,
                 from [01m[K/opt/ros/humble/include/rclcpp/rclcpp/executors/multi_threaded_executor.hpp:25[m[K,
                 from [01m[K/opt/ros/humble/include/rclcpp/rclcpp/executors.hpp:21[m[K,
                 from [01m[K/opt/ros/humble/include/rclcpp/rclcpp/rclcpp.hpp:155[m[K,
                 from [01m[K/home/abc/planning_with_ros2/src/planning/src/planning_process/planning_process.h:4[m[K,
                 from [01m[K/home/abc/planning_with_ros2/src/planning/src/planning_process/planning_process_main.cpp:1[m[K:
[01m[K/opt/ros/humble/include/rclcpp/rclcpp/parameter_client.hpp:52:3:[m[K [01;31m[Kinternal compiler error: [m[KSegmentation fault
   52 |   [01;31m[KRCLCPP_SMART_PTR_DEFINITIONS[m[K(AsyncParametersClient)
      |   [01;31m[K^~~~~~~~~~~~~~~~~~~~~~~~~~~~[m[K
0x754fe864251f ???
	./signal/../sysdeps/unix/sysv/linux/x86_64/libc_sigaction.c:0
0x754fe8629d8f __libc_start_call_main
	../sysdeps/nptl/libc_start_call_main.h:58
0x754fe8629e3f __libc_start_main_impl
	../csu/libc-start.c:392
Please submit a full bug report,
with preprocessed source if appropriate.
Please include the complete backtrace with any bug report.
See <file:///usr/share/doc/gcc-11/README.Bugs> for instructions.
gmake[2]: *** [src/planning_process/CMakeFiles/planning_process.dir/build.make:79: src/planning_process/CMakeFiles/planning_process.dir/planning_process_main.cpp.o] Error 1
gmake[2]: *** Waiting for unfinished jobs....
[01m[K/home/abc/planning_with_ros2/src/planning/src/planning_process/planning_process.cpp:[m[K In constructor â€˜[01m[KPlanning::PlanningProcess::PlanningProcess()[m[Kâ€™:
[01m[K/home/abc/planning_with_ros2/src/planning/src/planning_process/planning_process.cpp:10:14:[m[K [01;35m[Kwarning: [m[Kunused variable â€˜[01m[Kobs_dis[m[Kâ€™ [[01;35m[K]8;;https://gcc.gnu.org/onlinedocs/gcc/Warning-Options.html#index-Wunused-variable-Wunused-variable]8;;[m[K]
   10 |         auto [01;35m[Kobs_dis[m[K = process_config_->process().obs_dis_;
      |              [01;35m[K^~~~~~~[m[K
gmake[1]: *** [CMakeFiles/Makefile2:702: src/planning_process/CMakeFiles/planning_process.dir/all] Error 2
gmake: *** [Makefile:146: all] Error 2
