-- Found ament_cmake: 1.3.11 (/opt/ros/humble/share/ament_cmake/cmake)
-- Found rclcpp: 16.0.11 (/opt/ros/humble/share/rclcpp/cmake)
-- Found rosidl_generator_c: 3.1.6 (/opt/ros/humble/share/rosidl_generator_c/cmake)
-- Found rosidl_adapter: 3.1.6 (/opt/ros/humble/share/rosidl_adapter/cmake)
-- Found rosidl_generator_cpp: 3.1.6 (/opt/ros/humble/share/rosidl_generator_cpp/cmake)
-- Using all available rosidl_typesupport_c: rosidl_typesupport_fastrtps_c;rosidl_typesupport_introspection_c
-- Using all available rosidl_typesupport_cpp: rosidl_typesupport_fastrtps_cpp;rosidl_typesupport_introspection_cpp
-- Found rmw_implementation_cmake: 6.1.2 (/opt/ros/humble/share/rmw_implementation_cmake/cmake)
-- Found rmw_fastrtps_cpp: 6.2.7 (/opt/ros/humble/share/rmw_fastrtps_cpp/cmake)
-- Using RMW implementation 'rmw_fastrtps_cpp' as default
-- Found tf2: 0.25.9 (/opt/ros/humble/share/tf2/cmake)
-- Found tf2_ros: 0.25.9 (/opt/ros/humble/share/tf2_ros/cmake)
-- Found nav_msgs: 4.2.4 (/opt/ros/humble/share/nav_msgs/cmake)
-- Found visualization_msgs: 4.2.4 (/opt/ros/humble/share/visualization_msgs/cmake)
-- Found base_msgs: 0.0.0 (/home/abc/planning_with_ros2/install/base_msgs/share/base_msgs/cmake)
-- Found ament_lint_auto: 0.12.11 (/opt/ros/humble/share/ament_lint_auto/cmake)
-- Added test 'cppcheck' to perform static code analysis on C / C++ code
-- Configured cppcheck include dirs: /home/abc/planning_with_ros2/src/planning/src/common/config_reader;/home/abc/planning_with_ros2/src/planning/src/common/math;/home/abc/planning_with_ros2/src/planning/src/decision_center;/home/abc/planning_with_ros2/src/planning/src/pnc_map_creator;/home/abc/planning_with_ros2/src/planning/src/pnc_map_creator/pnc_map_straight;/home/abc/planning_with_ros2/src/planning/src/pnc_map_creator/pnc_map_sturn;/home/abc/planning_with_ros2/src/planning/src/global_planner;/home/abc/planning_with_ros2/src/planning/src/global_planner/global_planner_normal;/home/abc/planning_with_ros2/src/planning/src/local_planner;/home/abc/planning_with_ros2/src/planning/src/local_planner/local_path;/home/abc/planning_with_ros2/src/planning/src/local_planner/local_speeds;/home/abc/planning_with_ros2/src/planning/src/reference_line;/home/abc/planning_with_ros2/src/planning/src/vehicle_info;/home/abc/planning_with_ros2/src/planning/src/vehicle_info/main_car;/home/abc/planning_with_ros2/src/planning/src/vehicle_info/obs_car;/home/abc/planning_with_ros2/src/planning/src/planning_process;/home/abc/planning_with_ros2/src/planning/src/move_cmd
-- Configured cppcheck exclude dirs and/or files: 
-- Added test 'flake8' to check Python code syntax and style conventions
-- Added test 'lint_cmake' to check CMake code style
-- Added test 'pep257' to check Python code against some of the docstring style conventions in PEP 257
-- Added test 'uncrustify' to check C / C++ code style
-- Configured uncrustify additional arguments: 
-- Added test 'xmllint' to check XML markup files
-- Configuring done (1.0s)
-- Generating done (0.1s)
-- Build files have been written to: /home/abc/planning_with_ros2/build/planning
[  5%] Built target config_reader
[  8%] [32mBuilding CXX object src/global_planner/CMakeFiles/global_planner.dir/global_planner_normal/global_planner_normal.cpp.o[0m
[ 17%] Built target pnc_map_creator
[ 25%] Built target mathlibs
[ 31%] Built target pnc_map_server
[ 34%] [32mBuilding CXX object src/vehicle_info/CMakeFiles/vehicle_info.dir/main_car/main_car_info.cpp.o[0m
[ 37%] [32mBuilding CXX object src/vehicle_info/CMakeFiles/vehicle_info.dir/obs_car/obs_car_info.cpp.o[0m
[ 40%] [32mBuilding CXX object src/reference_line/CMakeFiles/reference_line.dir/reference_line_creator.cpp.o[0m
[ 42%] [32mBuilding CXX object src/reference_line/CMakeFiles/reference_line.dir/reference_line_smoother.cpp.o[0m
[01m[K/home/abc/planning_with_ros2/src/planning/src/global_planner/global_planner_normal/global_planner_normal.cpp:[m[K In member function â€˜[01m[Kvirtual nav_msgs::msg::Path Planning::GlobalPlannerNormal::search_global_path(const PNCMap&)[m[Kâ€™:
[01m[K/home/abc/planning_with_ros2/src/planning/src/global_planner/global_planner_normal/global_planner_normal.cpp:10:64:[m[K [01;35m[Kwarning: [m[Kunused parameter â€˜[01m[Kpnc_map[m[Kâ€™ [[01;35m[K]8;;https://gcc.gnu.org/onlinedocs/gcc/Warning-Options.html#index-Wunused-parameter-Wunused-parameter]8;;[m[K]
   10 |     Path GlobalPlannerNormal::search_global_path([01;35m[Kconst PNCMap &pnc_map[m[K)
      |                                                  [01;35m[K~~~~~~~~~~~~~~^~~~~~~[m[K
[ 45%] [32m[1mLinking CXX shared library libvehicle_info.so[0m
[ 45%] Built target vehicle_info
[ 51%] [32mBuilding CXX object src/decision_center/CMakeFiles/decision_center.dir/decision_center.cpp.o[0m
[ 51%] [32mBuilding CXX object src/move_cmd/CMakeFiles/obs_move_cmd.dir/obs_move_cmd.cpp.o[0m
[ 54%] [32mBuilding CXX object src/move_cmd/CMakeFiles/car_move_cmd.dir/car_move_cmd.cpp.o[0m
[ 57%] [32m[1mLinking CXX shared library libglobal_planner.so[0m
[ 57%] Built target global_planner
[ 60%] [32mBuilding CXX object src/global_planner/CMakeFiles/global_path_server.dir/global_path_server.cpp.o[0m
[ 62%] [32m[1mLinking CXX shared library libreference_line.so[0m
[ 62%] Built target reference_line
[01m[K/home/abc/planning_with_ros2/src/planning/src/global_planner/global_path_server.cpp:[m[K In member function â€˜[01m[Kvisualization_msgs::msg::Marker Planning::GlobalPathServer::path2marker(const Path&)[m[Kâ€™:
[01m[K/home/abc/planning_with_ros2/src/planning/src/global_planner/global_path_server.cpp:22:54:[m[K [01;35m[Kwarning: [m[Kunused parameter â€˜[01m[Kpath[m[Kâ€™ [[01;35m[K]8;;https://gcc.gnu.org/onlinedocs/gcc/Warning-Options.html#index-Wunused-parameter-Wunused-parameter]8;;[m[K]
   22 |     Marker GlobalPathServer::path2marker([01;35m[Kconst Path &path[m[K)
      |                                          [01;35m[K~~~~~~~~~~~~^~~~[m[K
[ 65%] [32m[1mLinking CXX shared library libdecision_center.so[0m
[ 68%] [32m[1mLinking CXX executable obs_move_cmd[0m
[ 68%] Built target decision_center
[ 71%] [32mBuilding CXX object src/local_planner/CMakeFiles/local_planner.dir/local_trajectory_combiner.cpp.o[0m
[ 74%] [32mBuilding CXX object src/local_planner/CMakeFiles/local_planner.dir/local_path/local_path_planner.cpp.o[0m
[ 77%] [32mBuilding CXX object src/local_planner/CMakeFiles/local_planner.dir/local_path/local_path_smoother.cpp.o[0m
[ 80%] [32mBuilding CXX object src/local_planner/CMakeFiles/local_planner.dir/local_speeds/local_speeds_planner.cpp.o[0m
[ 82%] [32mBuilding CXX object src/local_planner/CMakeFiles/local_planner.dir/local_speeds/local_speeds_smoother.cpp.o[0m
[ 85%] [32m[1mLinking CXX executable car_move_cmd[0m
[ 85%] Built target obs_move_cmd
[ 85%] Built target car_move_cmd
[ 88%] [32m[1mLinking CXX executable global_path_server[0m
[ 88%] Built target global_path_server
[ 91%] [32m[1mLinking CXX shared library liblocal_planner.so[0m
[ 91%] Built target local_planner
[ 94%] [32mBuilding CXX object src/planning_process/CMakeFiles/planning_process.dir/planning_process_main.cpp.o[0m
[ 97%] [32mBuilding CXX object src/planning_process/CMakeFiles/planning_process.dir/planning_process.cpp.o[0m
In file included from [01m[K/opt/ros/humble/include/rclcpp/rclcpp/context.hpp:35[m[K,
                 from [01m[K/opt/ros/humble/include/rclcpp/rclcpp/executor.hpp:34[m[K,
                 from [01m[K/opt/ros/humble/include/rclcpp/rclcpp/executors/multi_threaded_executor.hpp:25[m[K,
                 from [01m[K/opt/ros/humble/include/rclcpp/rclcpp/executors.hpp:21[m[K,
                 from [01m[K/opt/ros/humble/include/rclcpp/rclcpp/rclcpp.hpp:155[m[K,
                 from [01m[K/home/abc/planning_with_ros2/src/planning/src/planning_process/planning_process.h:4[m[K,
                 from [01m[K/home/abc/planning_with_ros2/src/planning/src/planning_process/planning_process_main.cpp:1[m[K:
[01m[K/opt/ros/humble/include/rclcpp/rclcpp/parameter_client.hpp:52:3:[m[K [01;31m[Kinternal compiler error: [m[KSegmentation fault
   52 |   [01;31m[KRCLCPP_SMART_PTR_DEFINITIONS[m[K(AsyncParametersClient)
      |   [01;31m[K^~~~~~~~~~~~~~~~~~~~~~~~~~~~[m[K
0x754fe864251f ???
	./signal/../sysdeps/unix/sysv/linux/x86_64/libc_sigaction.c:0
0x754fe8629d8f __libc_start_call_main
	../sysdeps/nptl/libc_start_call_main.h:58
0x754fe8629e3f __libc_start_main_impl
	../csu/libc-start.c:392
Please submit a full bug report,
with preprocessed source if appropriate.
Please include the complete backtrace with any bug report.
See <file:///usr/share/doc/gcc-11/README.Bugs> for instructions.
gmake[2]: *** [src/planning_process/CMakeFiles/planning_process.dir/build.make:79: src/planning_process/CMakeFiles/planning_process.dir/planning_process_main.cpp.o] Error 1
gmake[2]: *** Waiting for unfinished jobs....
[01m[K/home/abc/planning_with_ros2/src/planning/src/planning_process/planning_process.cpp:[m[K In constructor â€˜[01m[KPlanning::PlanningProcess::PlanningProcess()[m[Kâ€™:
[01m[K/home/abc/planning_with_ros2/src/planning/src/planning_process/planning_process.cpp:10:14:[m[K [01;35m[Kwarning: [m[Kunused variable â€˜[01m[Kobs_dis[m[Kâ€™ [[01;35m[K]8;;https://gcc.gnu.org/onlinedocs/gcc/Warning-Options.html#index-Wunused-variable-Wunused-variable]8;;[m[K]
   10 |         auto [01;35m[Kobs_dis[m[K = process_config_->process().obs_dis_;
      |              [01;35m[K^~~~~~~[m[K
gmake[1]: *** [CMakeFiles/Makefile2:702: src/planning_process/CMakeFiles/planning_process.dir/all] Error 2
gmake: *** [Makefile:146: all] Error 2
