[0.291s] Invoking command in '/home/abc/planning_with_ros2/build/planning': CMAKE_PREFIX_PATH=/home/abc/planning_with_ros2/install/base_msgs:/home/abc/planning_with_ros2/install/planning:/home/abc/planning_with_ros2/install/data_plot:/opt/ros/humble LD_LIBRARY_PATH=/home/abc/planning_with_ros2/install/base_msgs/lib:/home/abc/planning_with_ros2/install/planning/lib:/home/abc/planning_with_ros2/install/planning/lib:/home/abc/planning_with_ros2/install/planning/lib:/usr/lib/x86_64-linux-gnu/gazebo-11/plugins:/opt/ros/humble/opt/rviz_ogre_vendor/lib:/opt/ros/humble/lib/x86_64-linux-gnu:/opt/ros/humble/lib /usr/local/bin/cmake --build /home/abc/planning_with_ros2/build/planning -- -j12 -l12
[0.317s] -- Found ament_cmake: 1.3.11 (/opt/ros/humble/share/ament_cmake/cmake)
[0.532s] -- Found rclcpp: 16.0.11 (/opt/ros/humble/share/rclcpp/cmake)
[0.588s] -- Found rosidl_generator_c: 3.1.6 (/opt/ros/humble/share/rosidl_generator_c/cmake)
[0.591s] -- Found rosidl_adapter: 3.1.6 (/opt/ros/humble/share/rosidl_adapter/cmake)
[0.600s] -- Found rosidl_generator_cpp: 3.1.6 (/opt/ros/humble/share/rosidl_generator_cpp/cmake)
[0.614s] -- Using all available rosidl_typesupport_c: rosidl_typesupport_fastrtps_c;rosidl_typesupport_introspection_c
[0.634s] -- Using all available rosidl_typesupport_cpp: rosidl_typesupport_fastrtps_cpp;rosidl_typesupport_introspection_cpp
[0.691s] -- Found rmw_implementation_cmake: 6.1.2 (/opt/ros/humble/share/rmw_implementation_cmake/cmake)
[0.694s] -- Found rmw_fastrtps_cpp: 6.2.7 (/opt/ros/humble/share/rmw_fastrtps_cpp/cmake)
[0.827s] -- Using RMW implementation 'rmw_fastrtps_cpp' as default
[0.915s] -- Found tf2: 0.25.9 (/opt/ros/humble/share/tf2/cmake)
[0.942s] -- Found tf2_ros: 0.25.9 (/opt/ros/humble/share/tf2_ros/cmake)
[1.087s] -- Found nav_msgs: 4.2.4 (/opt/ros/humble/share/nav_msgs/cmake)
[1.117s] -- Found visualization_msgs: 4.2.4 (/opt/ros/humble/share/visualization_msgs/cmake)
[1.185s] -- Found base_msgs: 0.0.0 (/home/abc/planning_with_ros2/install/base_msgs/share/base_msgs/cmake)
[1.271s] -- Found ament_lint_auto: 0.12.11 (/opt/ros/humble/share/ament_lint_auto/cmake)
[1.344s] -- Added test 'cppcheck' to perform static code analysis on C / C++ code
[1.345s] -- Configured cppcheck include dirs: /home/abc/planning_with_ros2/src/planning/src/common/config_reader;/home/abc/planning_with_ros2/src/planning/src/common/math;/home/abc/planning_with_ros2/src/planning/src/decision_center;/home/abc/planning_with_ros2/src/planning/src/pnc_map_creator;/home/abc/planning_with_ros2/src/planning/src/pnc_map_creator/pnc_map_straight;/home/abc/planning_with_ros2/src/planning/src/pnc_map_creator/pnc_map_sturn;/home/abc/planning_with_ros2/src/planning/src/global_planner;/home/abc/planning_with_ros2/src/planning/src/global_planner/global_planner_normal;/home/abc/planning_with_ros2/src/planning/src/local_planner;/home/abc/planning_with_ros2/src/planning/src/local_planner/local_path;/home/abc/planning_with_ros2/src/planning/src/local_planner/local_speeds;/home/abc/planning_with_ros2/src/planning/src/reference_line;/home/abc/planning_with_ros2/src/planning/src/vehicle_info;/home/abc/planning_with_ros2/src/planning/src/vehicle_info/main_car;/home/abc/planning_with_ros2/src/planning/src/vehicle_info/obs_car;/home/abc/planning_with_ros2/src/planning/src/planning_process;/home/abc/planning_with_ros2/src/planning/src/move_cmd
[1.345s] -- Configured cppcheck exclude dirs and/or files: 
[1.346s] -- Added test 'flake8' to check Python code syntax and style conventions
[1.347s] -- Added test 'lint_cmake' to check CMake code style
[1.348s] -- Added test 'pep257' to check Python code against some of the docstring style conventions in PEP 257
[1.351s] -- Added test 'uncrustify' to check C / C++ code style
[1.352s] -- Configured uncrustify additional arguments: 
[1.352s] -- Added test 'xmllint' to check XML markup files
[1.354s] -- Configuring done (1.0s)
[1.479s] -- Generating done (0.1s)
[1.506s] -- Build files have been written to: /home/abc/planning_with_ros2/build/planning
[1.539s] [  5%] Built target config_reader
[1.540s] [  8%] [32mBuilding CXX object src/global_planner/CMakeFiles/global_planner.dir/global_planner_normal/global_planner_normal.cpp.o[0m
[1.543s] [ 17%] Built target pnc_map_creator
[1.545s] [ 25%] Built target mathlibs
[1.559s] [ 31%] Built target pnc_map_server
[1.563s] [ 34%] [32mBuilding CXX object src/vehicle_info/CMakeFiles/vehicle_info.dir/main_car/main_car_info.cpp.o[0m
[1.563s] [ 37%] [32mBuilding CXX object src/vehicle_info/CMakeFiles/vehicle_info.dir/obs_car/obs_car_info.cpp.o[0m
[1.567s] [ 40%] [32mBuilding CXX object src/reference_line/CMakeFiles/reference_line.dir/reference_line_creator.cpp.o[0m
[1.567s] [ 42%] [32mBuilding CXX object src/reference_line/CMakeFiles/reference_line.dir/reference_line_smoother.cpp.o[0m
[5.256s] [01m[K/home/abc/planning_with_ros2/src/planning/src/global_planner/global_planner_normal/global_planner_normal.cpp:[m[K In member function â€˜[01m[Kvirtual nav_msgs::msg::Path Planning::GlobalPlannerNormal::search_global_path(const PNCMap&)[m[Kâ€™:
[5.257s] [01m[K/home/abc/planning_with_ros2/src/planning/src/global_planner/global_planner_normal/global_planner_normal.cpp:10:64:[m[K [01;35m[Kwarning: [m[Kunused parameter â€˜[01m[Kpnc_map[m[Kâ€™ [[01;35m[K]8;;https://gcc.gnu.org/onlinedocs/gcc/Warning-Options.html#index-Wunused-parameter-Wunused-parameter]8;;[m[K]
[5.257s]    10 |     Path GlobalPlannerNormal::search_global_path([01;35m[Kconst PNCMap &pnc_map[m[K)
[5.257s]       |                                                  [01;35m[K~~~~~~~~~~~~~~^~~~~~~[m[K
[5.649s] [ 45%] [32m[1mLinking CXX shared library libvehicle_info.so[0m
[5.826s] [ 45%] Built target vehicle_info
[5.845s] [ 51%] [32mBuilding CXX object src/decision_center/CMakeFiles/decision_center.dir/decision_center.cpp.o[0m
[5.845s] [ 51%] [32mBuilding CXX object src/move_cmd/CMakeFiles/obs_move_cmd.dir/obs_move_cmd.cpp.o[0m
[5.849s] [ 54%] [32mBuilding CXX object src/move_cmd/CMakeFiles/car_move_cmd.dir/car_move_cmd.cpp.o[0m
[6.066s] [ 57%] [32m[1mLinking CXX shared library libglobal_planner.so[0m
[6.238s] [ 57%] Built target global_planner
[6.257s] [ 60%] [32mBuilding CXX object src/global_planner/CMakeFiles/global_path_server.dir/global_path_server.cpp.o[0m
[6.875s] [ 62%] [32m[1mLinking CXX shared library libreference_line.so[0m
[7.013s] [ 62%] Built target reference_line
[9.441s] [01m[K/home/abc/planning_with_ros2/src/planning/src/global_planner/global_path_server.cpp:[m[K In member function â€˜[01m[Kvisualization_msgs::msg::Marker Planning::GlobalPathServer::path2marker(const Path&)[m[Kâ€™:
[9.441s] [01m[K/home/abc/planning_with_ros2/src/planning/src/global_planner/global_path_server.cpp:22:54:[m[K [01;35m[Kwarning: [m[Kunused parameter â€˜[01m[Kpath[m[Kâ€™ [[01;35m[K]8;;https://gcc.gnu.org/onlinedocs/gcc/Warning-Options.html#index-Wunused-parameter-Wunused-parameter]8;;[m[K]
[9.441s]    22 |     Marker GlobalPathServer::path2marker([01;35m[Kconst Path &path[m[K)
[9.441s]       |                                          [01;35m[K~~~~~~~~~~~~^~~~[m[K
[9.813s] [ 65%] [32m[1mLinking CXX shared library libdecision_center.so[0m
[9.915s] [ 68%] [32m[1mLinking CXX executable obs_move_cmd[0m
[9.945s] [ 68%] Built target decision_center
[9.988s] [ 71%] [32mBuilding CXX object src/local_planner/CMakeFiles/local_planner.dir/local_trajectory_combiner.cpp.o[0m
[9.989s] [ 74%] [32mBuilding CXX object src/local_planner/CMakeFiles/local_planner.dir/local_path/local_path_planner.cpp.o[0m
[9.990s] [ 77%] [32mBuilding CXX object src/local_planner/CMakeFiles/local_planner.dir/local_path/local_path_smoother.cpp.o[0m
[9.991s] [ 80%] [32mBuilding CXX object src/local_planner/CMakeFiles/local_planner.dir/local_speeds/local_speeds_planner.cpp.o[0m
[9.993s] [ 82%] [32mBuilding CXX object src/local_planner/CMakeFiles/local_planner.dir/local_speeds/local_speeds_smoother.cpp.o[0m
[10.039s] [ 85%] [32m[1mLinking CXX executable car_move_cmd[0m
[10.122s] [ 85%] Built target obs_move_cmd
[10.187s] [ 85%] Built target car_move_cmd
[13.270s] [ 88%] [32m[1mLinking CXX executable global_path_server[0m
[13.576s] [ 88%] Built target global_path_server
[15.129s] [ 91%] [32m[1mLinking CXX shared library liblocal_planner.so[0m
[15.224s] [ 91%] Built target local_planner
[15.245s] [ 94%] [32mBuilding CXX object src/planning_process/CMakeFiles/planning_process.dir/planning_process_main.cpp.o[0m
[15.245s] [ 97%] [32mBuilding CXX object src/planning_process/CMakeFiles/planning_process.dir/planning_process.cpp.o[0m
[17.601s] In file included from [01m[K/opt/ros/humble/include/rclcpp/rclcpp/context.hpp:35[m[K,
[17.601s]                  from [01m[K/opt/ros/humble/include/rclcpp/rclcpp/executor.hpp:34[m[K,
[17.601s]                  from [01m[K/opt/ros/humble/include/rclcpp/rclcpp/executors/multi_threaded_executor.hpp:25[m[K,
[17.601s]                  from [01m[K/opt/ros/humble/include/rclcpp/rclcpp/executors.hpp:21[m[K,
[17.601s]                  from [01m[K/opt/ros/humble/include/rclcpp/rclcpp/rclcpp.hpp:155[m[K,
[17.601s]                  from [01m[K/home/abc/planning_with_ros2/src/planning/src/planning_process/planning_process.h:4[m[K,
[17.601s]                  from [01m[K/home/abc/planning_with_ros2/src/planning/src/planning_process/planning_process_main.cpp:1[m[K:
[17.602s] [01m[K/opt/ros/humble/include/rclcpp/rclcpp/parameter_client.hpp:52:3:[m[K [01;31m[Kinternal compiler error: [m[KSegmentation fault
[17.602s]    52 |   [01;31m[KRCLCPP_SMART_PTR_DEFINITIONS[m[K(AsyncParametersClient)
[17.602s]       |   [01;31m[K^~~~~~~~~~~~~~~~~~~~~~~~~~~~[m[K
[17.709s] 0x754fe864251f ???
[17.709s] 	./signal/../sysdeps/unix/sysv/linux/x86_64/libc_sigaction.c:0
[17.710s] 0x754fe8629d8f __libc_start_call_main
[17.711s] 	../sysdeps/nptl/libc_start_call_main.h:58
[17.711s] 0x754fe8629e3f __libc_start_main_impl
[17.711s] 	../csu/libc-start.c:392
[17.711s] Please submit a full bug report,
[17.711s] with preprocessed source if appropriate.
[17.711s] Please include the complete backtrace with any bug report.
[17.711s] See <file:///usr/share/doc/gcc-11/README.Bugs> for instructions.
[17.727s] gmake[2]: *** [src/planning_process/CMakeFiles/planning_process.dir/build.make:79: src/planning_process/CMakeFiles/planning_process.dir/planning_process_main.cpp.o] Error 1
[17.727s] gmake[2]: *** Waiting for unfinished jobs....
[18.440s] [01m[K/home/abc/planning_with_ros2/src/planning/src/planning_process/planning_process.cpp:[m[K In constructor â€˜[01m[KPlanning::PlanningProcess::PlanningProcess()[m[Kâ€™:
[18.440s] [01m[K/home/abc/planning_with_ros2/src/planning/src/planning_process/planning_process.cpp:10:14:[m[K [01;35m[Kwarning: [m[Kunused variable â€˜[01m[Kobs_dis[m[Kâ€™ [[01;35m[K]8;;https://gcc.gnu.org/onlinedocs/gcc/Warning-Options.html#index-Wunused-variable-Wunused-variable]8;;[m[K]
[18.440s]    10 |         auto [01;35m[Kobs_dis[m[K = process_config_->process().obs_dis_;
[18.440s]       |              [01;35m[K^~~~~~~[m[K
[19.043s] gmake[1]: *** [CMakeFiles/Makefile2:702: src/planning_process/CMakeFiles/planning_process.dir/all] Error 2
[19.043s] gmake: *** [Makefile:146: all] Error 2
[19.045s] Invoked command in '/home/abc/planning_with_ros2/build/planning' returned '2': CMAKE_PREFIX_PATH=/home/abc/planning_with_ros2/install/base_msgs:/home/abc/planning_with_ros2/install/planning:/home/abc/planning_with_ros2/install/data_plot:/opt/ros/humble LD_LIBRARY_PATH=/home/abc/planning_with_ros2/install/base_msgs/lib:/home/abc/planning_with_ros2/install/planning/lib:/home/abc/planning_with_ros2/install/planning/lib:/home/abc/planning_with_ros2/install/planning/lib:/usr/lib/x86_64-linux-gnu/gazebo-11/plugins:/opt/ros/humble/opt/rviz_ogre_vendor/lib:/opt/ros/humble/lib/x86_64-linux-gnu:/opt/ros/humble/lib /usr/local/bin/cmake --build /home/abc/planning_with_ros2/build/planning -- -j12 -l12
