In file included from [01m[K/home/abc/planning_with_ros2/build/base_msgs/rosidl_generator_c/base_msgs/msg/detail/referline__functions.h:19[m[K,
                 from [01m[K/home/abc/planning_with_ros2/build/base_msgs/rosidl_generator_c/base_msgs/msg/detail/referline__functions.c:4[m[K:
[01m[K/home/abc/planning_with_ros2/build/base_msgs/rosidl_generator_c/base_msgs/msg/detail/referline__struct.h:25:10:[m[K [01;31m[Kfatal error: [m[Kbase_msgs/msg/detail/referline_point__struct.h: No such file or directory
   25 | #include [01;31m[K"base_msgs/msg/detail/referline_point__struct.h"[m[K
      |          [01;31m[K^~~~~~~~~~~~~~~~~~~~~~~~~~~~~~~~~~~~~~~~~~~~~~~~[m[K
compilation terminated.
gmake[2]: *** [CMakeFiles/base_msgs__rosidl_generator_c.dir/build.make:468: CMakeFiles/base_msgs__rosidl_generator_c.dir/rosidl_generator_c/base_msgs/msg/detail/referline__functions.c.o] Error 1
gmake[1]: *** [CMakeFiles/Makefile2:258: CMakeFiles/base_msgs__rosidl_generator_c.dir/all] Error 2
gmake[1]: *** Waiting for unfinished jobs....
In file included from [01m[K/home/abc/planning_with_ros2/build/base_msgs/rosidl_typesupport_cpp/base_msgs/msg/referline__type_support.cpp:7[m[K:
[01m[K/home/abc/planning_with_ros2/build/base_msgs/rosidl_generator_cpp/base_msgs/msg/detail/referline__struct.hpp:22:10:[m[K [01;31m[Kfatal error: [m[Kbase_msgs/msg/detail/referline_point__struct.hpp: No such file or directory
   22 | #include [01;31m[K"base_msgs/msg/detail/referline_point__struct.hpp"[m[K
      |          [01;31m[K^~~~~~~~~~~~~~~~~~~~~~~~~~~~~~~~~~~~~~~~~~~~~~~~~~[m[K
compilation terminated.
gmake[2]: *** [CMakeFiles/base_msgs__rosidl_typesupport_cpp.dir/build.make:305: CMakeFiles/base_msgs__rosidl_typesupport_cpp.dir/rosidl_typesupport_cpp/base_msgs/msg/referline__type_support.cpp.o] Error 1
gmake[1]: *** [CMakeFiles/Makefile2:482: CMakeFiles/base_msgs__rosidl_typesupport_cpp.dir/all] Error 2
In file included from [01m[K/home/abc/planning_with_ros2/build/base_msgs/rosidl_typesupport_fastrtps_cpp/base_msgs/msg/detail/referline__rosidl_typesupport_fastrtps_cpp.hpp:11[m[K,
                 from [01m[K/home/abc/planning_with_ros2/build/base_msgs/rosidl_typesupport_fastrtps_cpp/base_msgs/msg/detail/dds_fastrtps/referline__type_support.cpp:4[m[K:
[01m[K/home/abc/planning_with_ros2/build/base_msgs/rosidl_generator_cpp/base_msgs/msg/detail/referline__struct.hpp:22:10:[m[K [01;31m[Kfatal error: [m[Kbase_msgs/msg/detail/referline_point__struct.hpp: No such file or directory
   22 | #include [01;31m[K"base_msgs/msg/detail/referline_point__struct.hpp"[m[K
      |          [01;31m[K^~~~~~~~~~~~~~~~~~~~~~~~~~~~~~~~~~~~~~~~~~~~~~~~~~[m[K
compilation terminated.
gmake[2]: *** [CMakeFiles/base_msgs__rosidl_typesupport_fastrtps_cpp.dir/build.make:346: CMakeFiles/base_msgs__rosidl_typesupport_fastrtps_cpp.dir/rosidl_typesupport_fastrtps_cpp/base_msgs/msg/detail/dds_fastrtps/referline__type_support.cpp.o] Error 1
gmake[2]: *** Waiting for unfinished jobs....
In file included from [01m[K/home/abc/planning_with_ros2/build/base_msgs/rosidl_typesupport_introspection_cpp/base_msgs/msg/detail/referline__type_support.cpp:12[m[K:
[01m[K/home/abc/planning_with_ros2/build/base_msgs/rosidl_generator_cpp/base_msgs/msg/detail/referline__struct.hpp:22:10:[m[K [01;31m[Kfatal error: [m[Kbase_msgs/msg/detail/referline_point__struct.hpp: No such file or directory
   22 | #include [01;31m[K"base_msgs/msg/detail/referline_point__struct.hpp"[m[K
      |          [01;31m[K^~~~~~~~~~~~~~~~~~~~~~~~~~~~~~~~~~~~~~~~~~~~~~~~~~[m[K
compilation terminated.
gmake[2]: *** [CMakeFiles/base_msgs__rosidl_typesupport_introspection_cpp.dir/build.make:346: CMakeFiles/base_msgs__rosidl_typesupport_introspection_cpp.dir/rosidl_typesupport_introspection_cpp/base_msgs/msg/detail/referline__type_support.cpp.o] Error 1
gmake[1]: *** [CMakeFiles/Makefile2:450: CMakeFiles/base_msgs__rosidl_typesupport_introspection_cpp.dir/all] Error 2
gmake[1]: *** [CMakeFiles/Makefile2:418: CMakeFiles/base_msgs__rosidl_typesupport_fastrtps_cpp.dir/all] Error 2
gmake: *** [Makefile:146: all] Error 2
