[0.010s] Invoking command in '/home/abc/planning_with_ros2/build/base_msgs': CMAKE_PREFIX_PATH=${CMAKE_PREFIX_PATH}:/home/abc/planning_with_ros2/install/data_plot:/opt/ros/humble /usr/local/bin/cmake --build /home/abc/planning_with_ros2/build/base_msgs -- -j12 -l12
[0.030s] -- Found ament_cmake: 1.3.11 (/opt/ros/humble/share/ament_cmake/cmake)
[0.205s] -- Found rosidl_default_generators: 1.2.0 (/opt/ros/humble/share/rosidl_default_generators/cmake)
[0.207s] -- Using all available rosidl_typesupport_c: rosidl_typesupport_fastrtps_c;rosidl_typesupport_introspection_c
[0.211s] -- Found rosidl_adapter: 3.1.6 (/opt/ros/humble/share/rosidl_adapter/cmake)
[0.247s] -- Using all available rosidl_typesupport_cpp: rosidl_typesupport_fastrtps_cpp;rosidl_typesupport_introspection_cpp
[0.279s] -- Found visualization_msgs: 4.2.4 (/opt/ros/humble/share/visualization_msgs/cmake)
[0.391s] -- Found nav_msgs: 4.2.4 (/opt/ros/humble/share/nav_msgs/cmake)
[0.937s] -- Found ament_cmake_ros: 0.10.0 (/opt/ros/humble/share/ament_cmake_ros/cmake)
[1.472s] -- Using all available rosidl_typesupport_c: rosidl_typesupport_fastrtps_c;rosidl_typesupport_introspection_c
[2.189s] -- Using all available rosidl_typesupport_cpp: rosidl_typesupport_fastrtps_cpp;rosidl_typesupport_introspection_cpp
[2.210s] -- Found python_cmake_module: 0.10.0 (/opt/ros/humble/share/python_cmake_module/cmake)
[2.232s] -- Using PYTHON_EXECUTABLE: /usr/bin/python3
[2.232s] -- Using PYTHON_INCLUDE_DIRS: /usr/include/python3.10
[2.232s] -- Using PYTHON_LIBRARIES: /usr/lib/x86_64-linux-gnu/libpython3.10.so
[2.319s] -- Found ament_lint_auto: 0.12.11 (/opt/ros/humble/share/ament_lint_auto/cmake)
[2.335s] -- Added test 'cppcheck' to perform static code analysis on C / C++ code
[2.336s] -- Configured cppcheck include dirs: 
[2.337s] -- Configured cppcheck exclude dirs and/or files: 
[2.339s] -- Added test 'lint_cmake' to check CMake code style
[2.344s] -- Added test 'uncrustify' to check C / C++ code style
[2.344s] -- Configured uncrustify additional arguments: 
[2.345s] -- Added test 'xmllint' to check XML markup files
[2.348s] -- Configuring done (2.3s)
[2.440s] -- Generating done (0.1s)
[2.451s] -- Build files have been written to: /home/abc/planning_with_ros2/build/base_msgs
[2.468s] [  0%] Built target ament_cmake_python_copy_base_msgs
[2.468s] [  0%] Built target base_msgs__cpp
[2.473s] [  1%] [32mBuilding C object CMakeFiles/base_msgs__rosidl_generator_c.dir/rosidl_generator_c/base_msgs/msg/detail/referline__functions.c.o[0m
[2.486s] [  2%] [32mBuilding CXX object CMakeFiles/base_msgs__rosidl_typesupport_cpp.dir/rosidl_typesupport_cpp/base_msgs/msg/referline__type_support.cpp.o[0m
[2.486s] In file included from [01m[K/home/abc/planning_with_ros2/build/base_msgs/rosidl_generator_c/base_msgs/msg/detail/referline__functions.h:19[m[K,
[2.486s]                  from [01m[K/home/abc/planning_with_ros2/build/base_msgs/rosidl_generator_c/base_msgs/msg/detail/referline__functions.c:4[m[K:
[2.486s] [01m[K/home/abc/planning_with_ros2/build/base_msgs/rosidl_generator_c/base_msgs/msg/detail/referline__struct.h:25:10:[m[K [01;31m[Kfatal error: [m[Kbase_msgs/msg/detail/referline_point__struct.h: No such file or directory
[2.487s]    25 | #include [01;31m[K"base_msgs/msg/detail/referline_point__struct.h"[m[K
[2.487s]       |          [01;31m[K^~~~~~~~~~~~~~~~~~~~~~~~~~~~~~~~~~~~~~~~~~~~~~~~[m[K
[2.487s] compilation terminated.
[2.487s] gmake[2]: *** [CMakeFiles/base_msgs__rosidl_generator_c.dir/build.make:468: CMakeFiles/base_msgs__rosidl_generator_c.dir/rosidl_generator_c/base_msgs/msg/detail/referline__functions.c.o] Error 1
[2.487s] gmake[1]: *** [CMakeFiles/Makefile2:258: CMakeFiles/base_msgs__rosidl_generator_c.dir/all] Error 2
[2.487s] gmake[1]: *** Waiting for unfinished jobs....
[2.488s] [  2%] [32mBuilding CXX object CMakeFiles/base_msgs__rosidl_typesupport_introspection_cpp.dir/rosidl_typesupport_introspection_cpp/base_msgs/msg/detail/referline__type_support.cpp.o[0m
[2.488s] [  2%] [32mBuilding CXX object CMakeFiles/base_msgs__rosidl_typesupport_fastrtps_cpp.dir/rosidl_typesupport_fastrtps_cpp/base_msgs/msg/detail/dds_fastrtps/referlin_point__type_support.cpp.o[0m
[2.488s] [  3%] [32mBuilding CXX object CMakeFiles/base_msgs__rosidl_typesupport_fastrtps_cpp.dir/rosidl_typesupport_fastrtps_cpp/base_msgs/msg/detail/dds_fastrtps/referline__type_support.cpp.o[0m
[2.539s] In file included from [01m[K/home/abc/planning_with_ros2/build/base_msgs/rosidl_typesupport_cpp/base_msgs/msg/referline__type_support.cpp:7[m[K:
[2.539s] [01m[K/home/abc/planning_with_ros2/build/base_msgs/rosidl_generator_cpp/base_msgs/msg/detail/referline__struct.hpp:22:10:[m[K [01;31m[Kfatal error: [m[Kbase_msgs/msg/detail/referline_point__struct.hpp: No such file or directory
[2.539s]    22 | #include [01;31m[K"base_msgs/msg/detail/referline_point__struct.hpp"[m[K
[2.539s]       |          [01;31m[K^~~~~~~~~~~~~~~~~~~~~~~~~~~~~~~~~~~~~~~~~~~~~~~~~~[m[K
[2.539s] compilation terminated.
[2.540s] gmake[2]: *** [CMakeFiles/base_msgs__rosidl_typesupport_cpp.dir/build.make:305: CMakeFiles/base_msgs__rosidl_typesupport_cpp.dir/rosidl_typesupport_cpp/base_msgs/msg/referline__type_support.cpp.o] Error 1
[2.540s] gmake[1]: *** [CMakeFiles/Makefile2:482: CMakeFiles/base_msgs__rosidl_typesupport_cpp.dir/all] Error 2
[2.544s] In file included from [01m[K/home/abc/planning_with_ros2/build/base_msgs/rosidl_typesupport_fastrtps_cpp/base_msgs/msg/detail/referline__rosidl_typesupport_fastrtps_cpp.hpp:11[m[K,
[2.544s]                  from [01m[K/home/abc/planning_with_ros2/build/base_msgs/rosidl_typesupport_fastrtps_cpp/base_msgs/msg/detail/dds_fastrtps/referline__type_support.cpp:4[m[K:
[2.544s] [01m[K/home/abc/planning_with_ros2/build/base_msgs/rosidl_generator_cpp/base_msgs/msg/detail/referline__struct.hpp:22:10:[m[K [01;31m[Kfatal error: [m[Kbase_msgs/msg/detail/referline_point__struct.hpp: No such file or directory
[2.544s]    22 | #include [01;31m[K"base_msgs/msg/detail/referline_point__struct.hpp"[m[K
[2.544s]       |          [01;31m[K^~~~~~~~~~~~~~~~~~~~~~~~~~~~~~~~~~~~~~~~~~~~~~~~~~[m[K
[2.544s] compilation terminated.
[2.545s] gmake[2]: *** [CMakeFiles/base_msgs__rosidl_typesupport_fastrtps_cpp.dir/build.make:346: CMakeFiles/base_msgs__rosidl_typesupport_fastrtps_cpp.dir/rosidl_typesupport_fastrtps_cpp/base_msgs/msg/detail/dds_fastrtps/referline__type_support.cpp.o] Error 1
[2.545s] gmake[2]: *** Waiting for unfinished jobs....
[2.547s] In file included from [01m[K/home/abc/planning_with_ros2/build/base_msgs/rosidl_typesupport_introspection_cpp/base_msgs/msg/detail/referline__type_support.cpp:12[m[K:
[2.547s] [01m[K/home/abc/planning_with_ros2/build/base_msgs/rosidl_generator_cpp/base_msgs/msg/detail/referline__struct.hpp:22:10:[m[K [01;31m[Kfatal error: [m[Kbase_msgs/msg/detail/referline_point__struct.hpp: No such file or directory
[2.547s]    22 | #include [01;31m[K"base_msgs/msg/detail/referline_point__struct.hpp"[m[K
[2.547s]       |          [01;31m[K^~~~~~~~~~~~~~~~~~~~~~~~~~~~~~~~~~~~~~~~~~~~~~~~~~[m[K
[2.547s] compilation terminated.
[2.548s] gmake[2]: *** [CMakeFiles/base_msgs__rosidl_typesupport_introspection_cpp.dir/build.make:346: CMakeFiles/base_msgs__rosidl_typesupport_introspection_cpp.dir/rosidl_typesupport_introspection_cpp/base_msgs/msg/detail/referline__type_support.cpp.o] Error 1
[2.548s] gmake[1]: *** [CMakeFiles/Makefile2:450: CMakeFiles/base_msgs__rosidl_typesupport_introspection_cpp.dir/all] Error 2
[2.693s] running egg_info
[2.693s] writing base_msgs.egg-info/PKG-INFO
[2.693s] writing dependency_links to base_msgs.egg-info/dependency_links.txt
[2.693s] writing top-level names to base_msgs.egg-info/top_level.txt
[2.695s] reading manifest file 'base_msgs.egg-info/SOURCES.txt'
[2.696s] writing manifest file 'base_msgs.egg-info/SOURCES.txt'
[2.712s] [  3%] Built target ament_cmake_python_build_base_msgs_egg
[2.839s] gmake[1]: *** [CMakeFiles/Makefile2:418: CMakeFiles/base_msgs__rosidl_typesupport_fastrtps_cpp.dir/all] Error 2
[2.839s] gmake: *** [Makefile:146: all] Error 2
[2.841s] Invoked command in '/home/abc/planning_with_ros2/build/base_msgs' returned '2': CMAKE_PREFIX_PATH=${CMAKE_PREFIX_PATH}:/home/abc/planning_with_ros2/install/data_plot:/opt/ros/humble /usr/local/bin/cmake --build /home/abc/planning_with_ros2/build/base_msgs -- -j12 -l12
